<?xml version="1.0" encoding="UTF-8"?>
<!-- Generated by org.testng.reporters.JUnitReportReporter -->
<testsuite skipped="0" hostname="SMSL166" name="test.Prueba" tests="4" failures="0" timestamp="2020-03-19T11:32:25 ART" time="18.074" errors="0">
  <testcase name="inicio" time="3.172" classname="test.Prueba"/>
  <testcase name="login" time="4.557" classname="test.Prueba"/>
  <testcase name="turnos" time="5.038" classname="test.Prueba"/>
  <testcase name="formulario" time="5.307" classname="test.Prueba"/>
</testsuite> <!-- test.Prueba -->
